0 info it worked if it ends with ok
1 verbose cli [ '/home/gabriel/.nvm/versions/node/v6.11.2/bin/node',
1 verbose cli   '/home/gabriel/.nvm/versions/node/v6.11.2/bin/npm',
1 verbose cli   'run',
1 verbose cli   'hot' ]
2 info using npm@3.10.10
3 info using node@v6.11.2
4 verbose run-script [ 'prehot', 'hot', 'posthot' ]
5 info lifecycle @~prehot: @
6 silly lifecycle @~prehot: no script for prehot, continuing
7 info lifecycle @~hot: @
8 verbose lifecycle @~hot: unsafe-perm in lifecycle true
9 verbose lifecycle @~hot: PATH: /home/gabriel/.nvm/versions/node/v6.11.2/lib/node_modules/npm/bin/node-gyp-bin:/home/gabriel/Attila/Code/Estudiar/Styde/Foro/node_modules/.bin:/home/gabriel/.nvm/versions/node/v6.11.2/bin:/usr/local/sbin:/usr/local/bin:/usr/sbin:/usr/bin:/sbin:/bin:/usr/games:/usr/local/games:/snap/bin:~/.composer/vendor/bin
10 verbose lifecycle @~hot: CWD: /home/gabriel/Attila/Code/Estudiar/Styde/Foro
11 silly lifecycle @~hot: Args: [ '-c',
11 silly lifecycle   'cross-env NODE_ENV=development webpack-dev-server --inline --hot' ]
12 silly lifecycle @~hot: Returned: code: 255  signal: null
13 info lifecycle @~hot: Failed to exec hot script
14 verbose stack Error: @ hot: `cross-env NODE_ENV=development webpack-dev-server --inline --hot`
14 verbose stack Exit status 255
14 verbose stack     at EventEmitter.<anonymous> (/home/gabriel/.nvm/versions/node/v6.11.2/lib/node_modules/npm/lib/utils/lifecycle.js:255:16)
14 verbose stack     at emitTwo (events.js:106:13)
14 verbose stack     at EventEmitter.emit (events.js:191:7)
14 verbose stack     at ChildProcess.<anonymous> (/home/gabriel/.nvm/versions/node/v6.11.2/lib/node_modules/npm/lib/utils/spawn.js:40:14)
14 verbose stack     at emitTwo (events.js:106:13)
14 verbose stack     at ChildProcess.emit (events.js:191:7)
14 verbose stack     at maybeClose (internal/child_process.js:891:16)
14 verbose stack     at Process.ChildProcess._handle.onexit (internal/child_process.js:226:5)
15 verbose pkgid @
16 verbose cwd /home/gabriel/Attila/Code/Estudiar/Styde/Foro
17 error Linux 4.13.0-46-generic
18 error argv "/home/gabriel/.nvm/versions/node/v6.11.2/bin/node" "/home/gabriel/.nvm/versions/node/v6.11.2/bin/npm" "run" "hot"
19 error node v6.11.2
20 error npm  v3.10.10
21 error code ELIFECYCLE
22 error @ hot: `cross-env NODE_ENV=development webpack-dev-server --inline --hot`
22 error Exit status 255
23 error Failed at the @ hot script 'cross-env NODE_ENV=development webpack-dev-server --inline --hot'.
23 error Make sure you have the latest version of node.js and npm installed.
23 error If you do, this is most likely a problem with the  package,
23 error not with npm itself.
23 error Tell the author that this fails on your system:
23 error     cross-env NODE_ENV=development webpack-dev-server --inline --hot
23 error You can get information on how to open an issue for this project with:
23 error     npm bugs
23 error Or if that isn't available, you can get their info via:
23 error     npm owner ls
23 error There is likely additional logging output above.
24 verbose exit [ 1, true ]
